

============================== 2022-07-31 14:21:34.640823 | 40b6490f-2523-466f-b248-879456d94b51 ==============================
14:21:34.640823 [info ] [MainThread]: Running with dbt=1.1.1
14:21:34.641820 [debug] [MainThread]: running dbt with arguments {'write_json': True, 'use_colors': True, 'printer_width': 80, 'version_check': True, 'partial_parse': True, 'static_parser': True, 'profiles_dir': 'C:\\Users\\nppvi\\.dbt', 'send_anonymous_usage_stats': True, 'event_buffer_size': 100000, 'quiet': False, 'no_print': False, 'project_name': 'dbt_project', 'skip_profile_setup': False, 'which': 'init', 'indirect_selection': 'eager'}
14:21:34.641820 [debug] [MainThread]: Tracking: tracking
14:21:34.672228 [debug] [MainThread]: Sending event: {'category': 'dbt', 'action': 'invocation', 'label': 'start', 'context': [<snowplow_tracker.self_describing_json.SelfDescribingJson object at 0x0000013C214DF2B0>, <snowplow_tracker.self_describing_json.SelfDescribingJson object at 0x0000013C214DF1F0>, <snowplow_tracker.self_describing_json.SelfDescribingJson object at 0x0000013C214DF310>]}
14:21:34.674251 [debug] [MainThread]: Starter project path: C:\Users\nppvi\anaconda3\envs\dbt_postgres\lib\site-packages\dbt\include\starter_project
14:22:11.320574 [info ] [MainThread]: 
Your new dbt project "dbt_project" was created!

For more information on how to configure the profiles.yml file,
please consult the dbt documentation here:

  https://docs.getdbt.com/docs/configure-your-profile

One more thing:

Need help? Don't hesitate to reach out to us via GitHub issues or on Slack:

  https://community.getdbt.com/

Happy modeling!

14:22:11.320574 [debug] [MainThread]: Sending event: {'category': 'dbt', 'action': 'invocation', 'label': 'end', 'context': [<snowplow_tracker.self_describing_json.SelfDescribingJson object at 0x0000013C214DF310>, <snowplow_tracker.self_describing_json.SelfDescribingJson object at 0x0000013C214DF1F0>, <snowplow_tracker.self_describing_json.SelfDescribingJson object at 0x0000013C214DF220>]}


============================== 2022-07-31 22:42:06.302888 | 642dd0aa-669f-45e6-a852-a1a23073df5f ==============================
22:42:06.302888 [info ] [MainThread]: Running with dbt=1.1.1
22:42:06.302888 [debug] [MainThread]: running dbt with arguments {'write_json': True, 'use_colors': True, 'printer_width': 80, 'version_check': True, 'partial_parse': True, 'static_parser': True, 'profiles_dir': 'C:\\Users\\nppvi\\.dbt', 'send_anonymous_usage_stats': True, 'event_buffer_size': 100000, 'quiet': False, 'no_print': False, 'config_dir': False, 'which': 'debug', 'indirect_selection': 'eager'}
22:42:06.302888 [debug] [MainThread]: Tracking: tracking
22:42:06.331817 [debug] [MainThread]: Sending event: {'category': 'dbt', 'action': 'invocation', 'label': 'start', 'context': [<snowplow_tracker.self_describing_json.SelfDescribingJson object at 0x000001E663F6F130>, <snowplow_tracker.self_describing_json.SelfDescribingJson object at 0x000001E663F6F0D0>, <snowplow_tracker.self_describing_json.SelfDescribingJson object at 0x000001E663F6F190>]}
22:42:06.337800 [info ] [MainThread]: Error importing adapter: No module named 'dbt.adapters.snowflake'
22:42:06.389637 [debug] [MainThread]: Executing "git --help"
22:42:06.404661 [debug] [MainThread]: STDOUT: "b"usage: git [--version] [--help] [-C <path>] [-c <name>=<value>]\n           [--exec-path[=<path>]] [--html-path] [--man-path] [--info-path]\n           [-p | --paginate | -P | --no-pager] [--no-replace-objects] [--bare]\n           [--git-dir=<path>] [--work-tree=<path>] [--namespace=<name>]\n           [--super-prefix=<path>] [--config-env=<name>=<envvar>]\n           <command> [<args>]\n\nThese are common Git commands used in various situations:\n\nstart a working area (see also: git help tutorial)\n   clone     Clone a repository into a new directory\n   init      Create an empty Git repository or reinitialize an existing one\n\nwork on the current change (see also: git help everyday)\n   add       Add file contents to the index\n   mv        Move or rename a file, a directory, or a symlink\n   restore   Restore working tree files\n   rm        Remove files from the working tree and from the index\n\nexamine the history and state (see also: git help revisions)\n   bisect    Use binary search to find the commit that introduced a bug\n   diff      Show changes between commits, commit and working tree, etc\n   grep      Print lines matching a pattern\n   log       Show commit logs\n   show      Show various types of objects\n   status    Show the working tree status\n\ngrow, mark and tweak your common history\n   branch    List, create, or delete branches\n   commit    Record changes to the repository\n   merge     Join two or more development histories together\n   rebase    Reapply commits on top of another base tip\n   reset     Reset current HEAD to the specified state\n   switch    Switch branches\n   tag       Create, list, delete or verify a tag object signed with GPG\n\ncollaborate (see also: git help workflows)\n   fetch     Download objects and refs from another repository\n   pull      Fetch from and integrate with another repository or a local branch\n   push      Update remote refs along with associated objects\n\n'git help -a' and 'git help -g' list available subcommands and some\nconcept guides. See 'git help <command>' or 'git help <concept>'\nto read about a specific subcommand or concept.\nSee 'git help git' for an overview of the system.\n""
22:42:06.405636 [debug] [MainThread]: STDERR: "b''"
22:42:06.406636 [debug] [MainThread]: Sending event: {'category': 'dbt', 'action': 'invocation', 'label': 'end', 'context': [<snowplow_tracker.self_describing_json.SelfDescribingJson object at 0x000001E6640693A0>, <snowplow_tracker.self_describing_json.SelfDescribingJson object at 0x000001E664069B50>, <snowplow_tracker.self_describing_json.SelfDescribingJson object at 0x000001E664069BB0>]}


============================== 2022-07-31 22:44:50.061165 | bfd8c1a8-9643-4095-b3ee-2206d0ca31fa ==============================
22:44:50.061165 [info ] [MainThread]: Running with dbt=1.1.1
22:44:50.062166 [debug] [MainThread]: running dbt with arguments {'write_json': True, 'use_colors': True, 'printer_width': 80, 'version_check': True, 'partial_parse': True, 'static_parser': True, 'profiles_dir': 'C:\\Users\\nppvi\\.dbt', 'send_anonymous_usage_stats': True, 'event_buffer_size': 100000, 'quiet': False, 'no_print': False, 'config_dir': False, 'which': 'debug', 'indirect_selection': 'eager'}
22:44:50.062166 [debug] [MainThread]: Tracking: tracking
22:44:50.095167 [debug] [MainThread]: Sending event: {'category': 'dbt', 'action': 'invocation', 'label': 'start', 'context': [<snowplow_tracker.self_describing_json.SelfDescribingJson object at 0x0000023EA7F90100>, <snowplow_tracker.self_describing_json.SelfDescribingJson object at 0x0000023EA7F90040>, <snowplow_tracker.self_describing_json.SelfDescribingJson object at 0x0000023EA7F90160>]}
22:44:50.143166 [debug] [MainThread]: Executing "git --help"
22:44:50.160167 [debug] [MainThread]: STDOUT: "b"usage: git [--version] [--help] [-C <path>] [-c <name>=<value>]\n           [--exec-path[=<path>]] [--html-path] [--man-path] [--info-path]\n           [-p | --paginate | -P | --no-pager] [--no-replace-objects] [--bare]\n           [--git-dir=<path>] [--work-tree=<path>] [--namespace=<name>]\n           [--super-prefix=<path>] [--config-env=<name>=<envvar>]\n           <command> [<args>]\n\nThese are common Git commands used in various situations:\n\nstart a working area (see also: git help tutorial)\n   clone     Clone a repository into a new directory\n   init      Create an empty Git repository or reinitialize an existing one\n\nwork on the current change (see also: git help everyday)\n   add       Add file contents to the index\n   mv        Move or rename a file, a directory, or a symlink\n   restore   Restore working tree files\n   rm        Remove files from the working tree and from the index\n\nexamine the history and state (see also: git help revisions)\n   bisect    Use binary search to find the commit that introduced a bug\n   diff      Show changes between commits, commit and working tree, etc\n   grep      Print lines matching a pattern\n   log       Show commit logs\n   show      Show various types of objects\n   status    Show the working tree status\n\ngrow, mark and tweak your common history\n   branch    List, create, or delete branches\n   commit    Record changes to the repository\n   merge     Join two or more development histories together\n   rebase    Reapply commits on top of another base tip\n   reset     Reset current HEAD to the specified state\n   switch    Switch branches\n   tag       Create, list, delete or verify a tag object signed with GPG\n\ncollaborate (see also: git help workflows)\n   fetch     Download objects and refs from another repository\n   pull      Fetch from and integrate with another repository or a local branch\n   push      Update remote refs along with associated objects\n\n'git help -a' and 'git help -g' list available subcommands and some\nconcept guides. See 'git help <command>' or 'git help <concept>'\nto read about a specific subcommand or concept.\nSee 'git help git' for an overview of the system.\n""
22:44:50.160167 [debug] [MainThread]: STDERR: "b''"
22:44:50.161166 [debug] [MainThread]: Acquiring new postgres connection "debug"
22:44:50.161166 [debug] [MainThread]: Using postgres connection "debug"
22:44:50.162186 [debug] [MainThread]: On debug: select 1 as id
22:44:50.162186 [debug] [MainThread]: Opening a new connection, currently in state init
22:44:50.305188 [debug] [MainThread]: SQL status: SELECT 1 in 0.14 seconds
22:44:50.306167 [debug] [MainThread]: On debug: Close
22:44:50.308173 [debug] [MainThread]: Sending event: {'category': 'dbt', 'action': 'invocation', 'label': 'end', 'context': [<snowplow_tracker.self_describing_json.SelfDescribingJson object at 0x0000023EA8081610>, <snowplow_tracker.self_describing_json.SelfDescribingJson object at 0x0000023EA8081BE0>, <snowplow_tracker.self_describing_json.SelfDescribingJson object at 0x0000023EA8081520>]}
22:44:50.706235 [debug] [MainThread]: Connection 'debug' was properly closed.


============================== 2022-07-31 22:45:57.171389 | 3db4687e-933c-4970-9863-b4f0d863db32 ==============================
22:45:57.171389 [info ] [MainThread]: Running with dbt=1.1.1
22:45:57.172390 [debug] [MainThread]: running dbt with arguments {'write_json': True, 'use_colors': True, 'printer_width': 80, 'version_check': True, 'partial_parse': True, 'static_parser': True, 'profiles_dir': 'C:\\Users\\nppvi\\.dbt', 'send_anonymous_usage_stats': True, 'event_buffer_size': 100000, 'quiet': False, 'no_print': False, 'config_dir': False, 'which': 'debug', 'indirect_selection': 'eager'}
22:45:57.172390 [debug] [MainThread]: Tracking: tracking
22:45:57.203391 [debug] [MainThread]: Sending event: {'category': 'dbt', 'action': 'invocation', 'label': 'start', 'context': [<snowplow_tracker.self_describing_json.SelfDescribingJson object at 0x0000023766F20190>, <snowplow_tracker.self_describing_json.SelfDescribingJson object at 0x0000023766F200D0>, <snowplow_tracker.self_describing_json.SelfDescribingJson object at 0x0000023766F200A0>]}
22:45:57.253293 [debug] [MainThread]: Executing "git --help"
22:45:57.270292 [debug] [MainThread]: STDOUT: "b"usage: git [--version] [--help] [-C <path>] [-c <name>=<value>]\n           [--exec-path[=<path>]] [--html-path] [--man-path] [--info-path]\n           [-p | --paginate | -P | --no-pager] [--no-replace-objects] [--bare]\n           [--git-dir=<path>] [--work-tree=<path>] [--namespace=<name>]\n           [--super-prefix=<path>] [--config-env=<name>=<envvar>]\n           <command> [<args>]\n\nThese are common Git commands used in various situations:\n\nstart a working area (see also: git help tutorial)\n   clone     Clone a repository into a new directory\n   init      Create an empty Git repository or reinitialize an existing one\n\nwork on the current change (see also: git help everyday)\n   add       Add file contents to the index\n   mv        Move or rename a file, a directory, or a symlink\n   restore   Restore working tree files\n   rm        Remove files from the working tree and from the index\n\nexamine the history and state (see also: git help revisions)\n   bisect    Use binary search to find the commit that introduced a bug\n   diff      Show changes between commits, commit and working tree, etc\n   grep      Print lines matching a pattern\n   log       Show commit logs\n   show      Show various types of objects\n   status    Show the working tree status\n\ngrow, mark and tweak your common history\n   branch    List, create, or delete branches\n   commit    Record changes to the repository\n   merge     Join two or more development histories together\n   rebase    Reapply commits on top of another base tip\n   reset     Reset current HEAD to the specified state\n   switch    Switch branches\n   tag       Create, list, delete or verify a tag object signed with GPG\n\ncollaborate (see also: git help workflows)\n   fetch     Download objects and refs from another repository\n   pull      Fetch from and integrate with another repository or a local branch\n   push      Update remote refs along with associated objects\n\n'git help -a' and 'git help -g' list available subcommands and some\nconcept guides. See 'git help <command>' or 'git help <concept>'\nto read about a specific subcommand or concept.\nSee 'git help git' for an overview of the system.\n""
22:45:57.270292 [debug] [MainThread]: STDERR: "b''"
22:45:57.273294 [debug] [MainThread]: Acquiring new postgres connection "debug"
22:45:57.273294 [debug] [MainThread]: Using postgres connection "debug"
22:45:57.273294 [debug] [MainThread]: On debug: select 1 as id
22:45:57.274295 [debug] [MainThread]: Opening a new connection, currently in state init
22:45:57.306292 [debug] [MainThread]: SQL status: SELECT 1 in 0.03 seconds
22:45:57.307291 [debug] [MainThread]: On debug: Close
22:45:57.309292 [debug] [MainThread]: Sending event: {'category': 'dbt', 'action': 'invocation', 'label': 'end', 'context': [<snowplow_tracker.self_describing_json.SelfDescribingJson object at 0x00000237670135B0>, <snowplow_tracker.self_describing_json.SelfDescribingJson object at 0x0000023767013B80>, <snowplow_tracker.self_describing_json.SelfDescribingJson object at 0x0000023767013700>]}
22:45:57.726740 [debug] [MainThread]: Connection 'debug' was properly closed.
